2023-04-18T07:44:07.981+0900 [DEBUG] [org.gradle.launcher.daemon.bootstrap.DaemonMain] Assuming the daemon was started with following jvm opts: [--add-opens, java.base/java.util=ALL-UNNAMED, --add-opens, java.base/java.lang=ALL-UNNAMED, --add-opens, java.base/java.lang.invoke=ALL-UNNAMED, --add-opens, java.base/java.util=ALL-UNNAMED, --add-opens, java.prefs/java.util.prefs=ALL-UNNAMED, --add-opens, java.prefs/java.util.prefs=ALL-UNNAMED, --add-opens, java.base/java.nio.charset=ALL-UNNAMED, --add-opens, java.base/java.net=ALL-UNNAMED, --add-opens, java.base/java.util.concurrent.atomic=ALL-UNNAMED, -XX:MaxMetaspaceSize=256m, -XX:+HeapDumpOnOutOfMemoryError, -Xms256m, -Xmx512m, -Dfile.encoding=UTF-8, -Duser.country=KR, -Duser.language=ko, -Duser.variant]
2023-04-18T07:44:08.104+0900 [INFO] [org.gradle.launcher.daemon.server.Daemon] start() called on daemon - DefaultDaemonContext[uid=cb46030e-3777-46d6-a175-9ef2328aab68,javaHome=/Library/Java/JavaVirtualMachines/temurin-18.jdk/Contents/Home,daemonRegistryDir=/Users/gomcoder_mac/SpringBoot-AWS/freelec-springboot2-webservice/radle-version/daemon,pid=2307,idleTimeout=10800000,priority=NORMAL,daemonOpts=--add-opens,java.base/java.util=ALL-UNNAMED,--add-opens,java.base/java.lang=ALL-UNNAMED,--add-opens,java.base/java.lang.invoke=ALL-UNNAMED,--add-opens,java.base/java.util=ALL-UNNAMED,--add-opens,java.prefs/java.util.prefs=ALL-UNNAMED,--add-opens,java.prefs/java.util.prefs=ALL-UNNAMED,--add-opens,java.base/java.nio.charset=ALL-UNNAMED,--add-opens,java.base/java.net=ALL-UNNAMED,--add-opens,java.base/java.util.concurrent.atomic=ALL-UNNAMED,-XX:MaxMetaspaceSize=256m,-XX:+HeapDumpOnOutOfMemoryError,-Xms256m,-Xmx512m,-Dfile.encoding=UTF-8,-Duser.country=KR,-Duser.language=ko,-Duser.variant]
2023-04-18T07:44:08.136+0900 [DEBUG] [org.gradle.internal.remote.internal.inet.InetAddresses] Adding IP addresses for network interface utun2
2023-04-18T07:44:08.137+0900 [DEBUG] [org.gradle.internal.remote.internal.inet.InetAddresses] Is this a loopback interface? false
2023-04-18T07:44:08.137+0900 [DEBUG] [org.gradle.internal.remote.internal.inet.InetAddresses] Adding remote address /fe80:0:0:0:ce81:b1c:bd2c:69e%utun2
2023-04-18T07:44:08.138+0900 [DEBUG] [org.gradle.internal.remote.internal.inet.InetAddresses] Adding IP addresses for network interface utun1
2023-04-18T07:44:08.138+0900 [DEBUG] [org.gradle.internal.remote.internal.inet.InetAddresses] Is this a loopback interface? false
2023-04-18T07:44:08.138+0900 [DEBUG] [org.gradle.internal.remote.internal.inet.InetAddresses] Adding remote address /fe80:0:0:0:dfc5:6a77:2c6c:699a%utun1
2023-04-18T07:44:08.138+0900 [DEBUG] [org.gradle.internal.remote.internal.inet.InetAddresses] Adding IP addresses for network interface utun0
2023-04-18T07:44:08.139+0900 [DEBUG] [org.gradle.internal.remote.internal.inet.InetAddresses] Is this a loopback interface? false
2023-04-18T07:44:08.139+0900 [DEBUG] [org.gradle.internal.remote.internal.inet.InetAddresses] Adding remote address /fe80:0:0:0:73eb:7490:2413:5cc2%utun0
2023-04-18T07:44:08.139+0900 [DEBUG] [org.gradle.internal.remote.internal.inet.InetAddresses] Adding IP addresses for network interface llw0
2023-04-18T07:44:08.140+0900 [DEBUG] [org.gradle.internal.remote.internal.inet.InetAddresses] Is this a loopback interface? false
2023-04-18T07:44:08.140+0900 [DEBUG] [org.gradle.internal.remote.internal.inet.InetAddresses] Adding remote address /fe80:0:0:0:4836:e8ff:fe64:e9a2%llw0
2023-04-18T07:44:08.140+0900 [DEBUG] [org.gradle.internal.remote.internal.inet.InetAddresses] Adding IP addresses for network interface awdl0
2023-04-18T07:44:08.141+0900 [DEBUG] [org.gradle.internal.remote.internal.inet.InetAddresses] Is this a loopback interface? false
2023-04-18T07:44:08.141+0900 [DEBUG] [org.gradle.internal.remote.internal.inet.InetAddresses] Adding remote address /fe80:0:0:0:4836:e8ff:fe64:e9a2%awdl0
2023-04-18T07:44:08.141+0900 [DEBUG] [org.gradle.internal.remote.internal.inet.InetAddresses] Adding IP addresses for network interface en5
2023-04-18T07:44:08.142+0900 [DEBUG] [org.gradle.internal.remote.internal.inet.InetAddresses] Is this a loopback interface? false
2023-04-18T07:44:08.142+0900 [DEBUG] [org.gradle.internal.remote.internal.inet.InetAddresses] Adding remote address /fe80:0:0:0:aede:48ff:fe00:1122%en5
2023-04-18T07:44:08.142+0900 [DEBUG] [org.gradle.internal.remote.internal.inet.InetAddresses] Adding IP addresses for network interface en0
2023-04-18T07:44:08.142+0900 [DEBUG] [org.gradle.internal.remote.internal.inet.InetAddresses] Is this a loopback interface? false
2023-04-18T07:44:08.142+0900 [DEBUG] [org.gradle.internal.remote.internal.inet.InetAddresses] Adding remote address /fe80:0:0:0:438:b7a2:87d2:883b%en0
2023-04-18T07:44:08.143+0900 [DEBUG] [org.gradle.internal.remote.internal.inet.InetAddresses] Adding remote address /192.168.0.9
2023-04-18T07:44:08.143+0900 [DEBUG] [org.gradle.internal.remote.internal.inet.InetAddresses] Adding IP addresses for network interface lo0
2023-04-18T07:44:08.143+0900 [DEBUG] [org.gradle.internal.remote.internal.inet.InetAddresses] Is this a loopback interface? true
2023-04-18T07:44:08.143+0900 [DEBUG] [org.gradle.internal.remote.internal.inet.InetAddresses] Ignoring remote address on loopback interface /fe80:0:0:0:0:0:0:1%lo0
2023-04-18T07:44:08.144+0900 [DEBUG] [org.gradle.internal.remote.internal.inet.InetAddresses] Adding loopback address /0:0:0:0:0:0:0:1%lo0
2023-04-18T07:44:08.144+0900 [DEBUG] [org.gradle.internal.remote.internal.inet.InetAddresses] Adding loopback address /127.0.0.1
2023-04-18T07:44:08.146+0900 [DEBUG] [org.gradle.internal.remote.internal.inet.TcpIncomingConnector] Listening on [96fe4b0c-1554-4400-9b99-f80f28238ffd port:50028, addresses:[localhost/127.0.0.1]].
2023-04-18T07:44:08.163+0900 [DEBUG] [org.gradle.launcher.daemon.server.Daemon] Daemon starting at: Tue Apr 18 07:44:08 KST 2023, with address: [96fe4b0c-1554-4400-9b99-f80f28238ffd port:50028, addresses:[localhost/127.0.0.1]]
2023-04-18T07:44:08.163+0900 [INFO] [org.gradle.launcher.daemon.server.DaemonRegistryUpdater] Advertising the daemon address to the clients: [96fe4b0c-1554-4400-9b99-f80f28238ffd port:50028, addresses:[localhost/127.0.0.1]]
2023-04-18T07:44:08.164+0900 [DEBUG] [org.gradle.launcher.daemon.server.DaemonRegistryUpdater] Advertised daemon context: DefaultDaemonContext[uid=cb46030e-3777-46d6-a175-9ef2328aab68,javaHome=/Library/Java/JavaVirtualMachines/temurin-18.jdk/Contents/Home,daemonRegistryDir=/Users/gomcoder_mac/SpringBoot-AWS/freelec-springboot2-webservice/radle-version/daemon,pid=2307,idleTimeout=10800000,priority=NORMAL,daemonOpts=--add-opens,java.base/java.util=ALL-UNNAMED,--add-opens,java.base/java.lang=ALL-UNNAMED,--add-opens,java.base/java.lang.invoke=ALL-UNNAMED,--add-opens,java.base/java.util=ALL-UNNAMED,--add-opens,java.prefs/java.util.prefs=ALL-UNNAMED,--add-opens,java.prefs/java.util.prefs=ALL-UNNAMED,--add-opens,java.base/java.nio.charset=ALL-UNNAMED,--add-opens,java.base/java.net=ALL-UNNAMED,--add-opens,java.base/java.util.concurrent.atomic=ALL-UNNAMED,-XX:MaxMetaspaceSize=256m,-XX:+HeapDumpOnOutOfMemoryError,-Xms256m,-Xmx512m,-Dfile.encoding=UTF-8,-Duser.country=KR,-Duser.language=ko,-Duser.variant]
2023-04-18T07:44:08.165+0900 [DEBUG] [org.gradle.launcher.daemon.registry.PersistentDaemonRegistry] Storing daemon address: [96fe4b0c-1554-4400-9b99-f80f28238ffd port:50028, addresses:[localhost/127.0.0.1]], context: DefaultDaemonContext[uid=cb46030e-3777-46d6-a175-9ef2328aab68,javaHome=/Library/Java/JavaVirtualMachines/temurin-18.jdk/Contents/Home,daemonRegistryDir=/Users/gomcoder_mac/SpringBoot-AWS/freelec-springboot2-webservice/radle-version/daemon,pid=2307,idleTimeout=10800000,priority=NORMAL,daemonOpts=--add-opens,java.base/java.util=ALL-UNNAMED,--add-opens,java.base/java.lang=ALL-UNNAMED,--add-opens,java.base/java.lang.invoke=ALL-UNNAMED,--add-opens,java.base/java.util=ALL-UNNAMED,--add-opens,java.prefs/java.util.prefs=ALL-UNNAMED,--add-opens,java.prefs/java.util.prefs=ALL-UNNAMED,--add-opens,java.base/java.nio.charset=ALL-UNNAMED,--add-opens,java.base/java.net=ALL-UNNAMED,--add-opens,java.base/java.util.concurrent.atomic=ALL-UNNAMED,-XX:MaxMetaspaceSize=256m,-XX:+HeapDumpOnOutOfMemoryError,-Xms256m,-Xmx512m,-Dfile.encoding=UTF-8,-Duser.country=KR,-Duser.language=ko,-Duser.variant]
2023-04-18T07:44:08.175+0900 [DEBUG] [org.gradle.cache.internal.DefaultFileLockManager] Waiting to acquire exclusive lock on daemon addresses registry.
2023-04-18T07:44:08.177+0900 [DEBUG] [org.gradle.cache.internal.DefaultFileLockManager] Lock acquired on daemon addresses registry.
2023-04-18T07:44:08.181+0900 [DEBUG] [org.gradle.cache.internal.DefaultFileLockManager] Releasing lock on daemon addresses registry.
2023-04-18T07:44:08.181+0900 [LIFECYCLE] [org.gradle.launcher.daemon.server.Daemon] Daemon server started.
2023-04-18T07:44:08.182+0900 [DEBUG] [org.gradle.launcher.daemon.bootstrap.DaemonStartupCommunication] Completed writing the daemon greeting. Closing streams...
2023-04-18T07:44:08.185+0900 [DEBUG] [org.gradle.launcher.daemon.server.Daemon] stopOnExpiration() called on daemon
2023-04-18T07:44:08.186+0900 [DEBUG] [org.gradle.launcher.daemon.server.Daemon] awaitExpiration() called on daemon
2023-04-18T07:44:08.186+0900 [DEBUG] [org.gradle.launcher.daemon.server.DaemonStateCoordinator] daemon is running. Sleeping until state changes.
2023-04-18T07:44:08.192+0900 [DEBUG] [org.gradle.internal.remote.internal.inet.TcpIncomingConnector] Accepted connection from /127.0.0.1:50029 to /127.0.0.1:50028.
2023-04-18T07:44:08.208+0900 [DEBUG] [org.gradle.launcher.daemon.server.SynchronizedDispatchConnection] thread 29: received class org.gradle.launcher.daemon.protocol.Build
2023-04-18T07:44:08.208+0900 [DEBUG] [org.gradle.launcher.daemon.server.DefaultDaemonConnection] thread 29: Received non-IO message from client: Build{id=f7cba581-260f-4046-99da-49973f7f1dc5, currentDir=/Users/gomcoder_mac/SpringBoot-AWS/freelec-springboot2-webservice}
2023-04-18T07:44:08.208+0900 [INFO] [org.gradle.launcher.daemon.server.DefaultIncomingConnectionHandler] Received command: Build{id=f7cba581-260f-4046-99da-49973f7f1dc5, currentDir=/Users/gomcoder_mac/SpringBoot-AWS/freelec-springboot2-webservice}.
2023-04-18T07:44:08.209+0900 [DEBUG] [org.gradle.launcher.daemon.server.DefaultIncomingConnectionHandler] Starting executing command: Build{id=f7cba581-260f-4046-99da-49973f7f1dc5, currentDir=/Users/gomcoder_mac/SpringBoot-AWS/freelec-springboot2-webservice} with connection: socket connection from /127.0.0.1:50028 to /127.0.0.1:50029.
2023-04-18T07:44:08.210+0900 [DEBUG] [org.gradle.launcher.daemon.server.DaemonStateCoordinator] Command execution: started DaemonCommandExecution[command = Build{id=f7cba581-260f-4046-99da-49973f7f1dc5, currentDir=/Users/gomcoder_mac/SpringBoot-AWS/freelec-springboot2-webservice}, connection = DefaultDaemonConnection: socket connection from /127.0.0.1:50028 to /127.0.0.1:50029] after 0.0 minutes of idle
2023-04-18T07:44:08.211+0900 [INFO] [org.gradle.launcher.daemon.server.DaemonRegistryUpdater] Marking the daemon as busy, address: [96fe4b0c-1554-4400-9b99-f80f28238ffd port:50028, addresses:[localhost/127.0.0.1]]
2023-04-18T07:44:08.211+0900 [DEBUG] [org.gradle.launcher.daemon.registry.PersistentDaemonRegistry] Marking busy by address: [96fe4b0c-1554-4400-9b99-f80f28238ffd port:50028, addresses:[localhost/127.0.0.1]]
2023-04-18T07:44:08.212+0900 [DEBUG] [org.gradle.cache.internal.DefaultFileLockManager] Waiting to acquire exclusive lock on daemon addresses registry.
2023-04-18T07:44:08.212+0900 [DEBUG] [org.gradle.cache.internal.DefaultFileLockManager] Lock acquired on daemon addresses registry.
2023-04-18T07:44:08.213+0900 [DEBUG] [org.gradle.cache.internal.DefaultFileLockManager] Releasing lock on daemon addresses registry.
2023-04-18T07:44:08.213+0900 [DEBUG] [org.gradle.launcher.daemon.server.DaemonStateCoordinator] resetting idle timer
2023-04-18T07:44:08.213+0900 [DEBUG] [org.gradle.launcher.daemon.server.DaemonStateCoordinator] daemon is running. Sleeping until state changes.
2023-04-18T07:44:08.213+0900 [INFO] [org.gradle.launcher.daemon.server.exec.StartBuildOrRespondWithBusy] Daemon is about to start building Build{id=f7cba581-260f-4046-99da-49973f7f1dc5, currentDir=/Users/gomcoder_mac/SpringBoot-AWS/freelec-springboot2-webservice}. Dispatching build started information...
2023-04-18T07:44:08.214+0900 [DEBUG] [org.gradle.launcher.daemon.server.SynchronizedDispatchConnection] thread 31: dispatching org.gradle.launcher.daemon.protocol.BuildStarted@7502281a
2023-04-18T07:44:08.215+0900 [DEBUG] [org.gradle.launcher.daemon.server.exec.EstablishBuildEnvironment] Configuring env variables: [PATH, TERM, _P9K_TTY, COMMAND_MODE, __INTELLIJ_COMMAND_HISTFILE__, P9K_TTY, LOGNAME, XPC_SERVICE_NAME, PWD, __CFBundleIdentifier, APP_NAME_2288, NVM_DIR, SHELL, APP_ICON_2288, PAGER, LSCOLORS, OLDPWD, USER, ZSH, P9K_SSH, TERMINAL_EMULATOR, LOGIN_SHELL, TMPDIR, SSH_AUTH_SOCK, XPC_FLAGS, TERM_SESSION_ID, __CF_USER_TEXT_ENCODING, LESS, LC_CTYPE, HOME, SHLVL]
2023-04-18T07:44:08.218+0900 [DEBUG] [org.gradle.launcher.daemon.server.exec.LogToClient] About to start relaying all logs to the client via the connection.
2023-04-18T07:44:08.218+0900 [INFO] [org.gradle.launcher.daemon.server.exec.LogToClient] The client will now receive all logging from the daemon (pid: 2307). The daemon log file: /Users/gomcoder_mac/SpringBoot-AWS/freelec-springboot2-webservice/radle-version/daemon/7.1/daemon-2307.out.log
2023-04-18T07:44:08.219+0900 [INFO] [org.gradle.launcher.daemon.server.exec.LogAndCheckHealth] Starting build in new daemon [memory: 512 MiB]
2023-04-18T07:44:08.223+0900 [DEBUG] [org.gradle.launcher.daemon.server.exec.ExecuteBuild] The daemon has started executing the build.
2023-04-18T07:44:08.223+0900 [DEBUG] [org.gradle.launcher.daemon.server.exec.ExecuteBuild] Executing build with daemon context: DefaultDaemonContext[uid=cb46030e-3777-46d6-a175-9ef2328aab68,javaHome=/Library/Java/JavaVirtualMachines/temurin-18.jdk/Contents/Home,daemonRegistryDir=/Users/gomcoder_mac/SpringBoot-AWS/freelec-springboot2-webservice/radle-version/daemon,pid=2307,idleTimeout=10800000,priority=NORMAL,daemonOpts=--add-opens,java.base/java.util=ALL-UNNAMED,--add-opens,java.base/java.lang=ALL-UNNAMED,--add-opens,java.base/java.lang.invoke=ALL-UNNAMED,--add-opens,java.base/java.util=ALL-UNNAMED,--add-opens,java.prefs/java.util.prefs=ALL-UNNAMED,--add-opens,java.prefs/java.util.prefs=ALL-UNNAMED,--add-opens,java.base/java.nio.charset=ALL-UNNAMED,--add-opens,java.base/java.net=ALL-UNNAMED,--add-opens,java.base/java.util.concurrent.atomic=ALL-UNNAMED,-XX:MaxMetaspaceSize=256m,-XX:+HeapDumpOnOutOfMemoryError,-Xms256m,-Xmx512m,-Dfile.encoding=UTF-8,-Duser.country=KR,-Duser.language=ko,-Duser.variant]

FAILURE: Build failed with an exception.

* Where:
Settings file '/Users/gomcoder_mac/SpringBoot-AWS/freelec-springboot2-webservice/settings.gradle'

* What went wrong:
Could not compile settings file '/Users/gomcoder_mac/SpringBoot-AWS/freelec-springboot2-webservice/settings.gradle'.
> startup failed:
  General error during conversion: Unsupported class file major version 62
  
  java.lang.IllegalArgumentException: Unsupported class file major version 62
  	at groovyjarjarasm.asm.ClassReader.<init>(ClassReader.java:189)
  	at groovyjarjarasm.asm.ClassReader.<init>(ClassReader.java:170)
  	at groovyjarjarasm.asm.ClassReader.<init>(ClassReader.java:156)
  	at groovyjarjarasm.asm.ClassReader.<init>(ClassReader.java:277)
  	at org.codehaus.groovy.ast.decompiled.AsmDecompiler.parseClass(AsmDecompiler.java:81)
  	at org.codehaus.groovy.control.ClassNodeResolver.findDecompiled(ClassNodeResolver.java:251)
  	at org.codehaus.groovy.control.ClassNodeResolver.tryAsLoaderClassOrScript(ClassNodeResolver.java:189)
  	at org.codehaus.groovy.control.ClassNodeResolver.findClassNode(ClassNodeResolver.java:169)
  	at org.codehaus.groovy.control.ClassNodeResolver.resolveName(ClassNodeResolver.java:125)
  	at org.codehaus.groovy.ast.decompiled.AsmReferenceResolver.resolveClassNullable(AsmReferenceResolver.java:57)
  	at org.codehaus.groovy.ast.decompiled.AsmReferenceResolver.resolveClass(AsmReferenceResolver.java:44)
  	at org.codehaus.groovy.ast.decompiled.AsmReferenceResolver.resolveNonArrayType(AsmReferenceResolver.java:79)
  	at org.codehaus.groovy.ast.decompiled.AsmReferenceResolver.resolveType(AsmReferenceResolver.java:70)
  	at org.codehaus.groovy.ast.decompiled.MemberSignatureParser.createMethodNode(MemberSignatureParser.java:57)
  	at org.codehaus.groovy.ast.decompiled.DecompiledClassNode.lambda$createMethodNode$1(DecompiledClassNode.java:230)
  	at org.codehaus.groovy.ast.decompiled.DecompiledClassNode.createMethodNode(DecompiledClassNode.java:236)
  	at org.codehaus.groovy.ast.decompiled.DecompiledClassNode.lazyInitMembers(DecompiledClassNode.java:203)
  	at org.codehaus.groovy.ast.decompiled.DecompiledClassNode.getDeclaredMethods(DecompiledClassNode.java:122)
  	at org.codehaus.groovy.ast.ClassNode.tryFindPossibleMethod(ClassNode.java:1283)
  	at org.codehaus.groovy.control.StaticImportVisitor.transformMethodCallExpression(StaticImportVisitor.java:251)
  	at org.codehaus.groovy.control.StaticImportVisitor.transform(StaticImportVisitor.java:133)
  	at org.codehaus.groovy.ast.ClassCodeExpressionTransformer.visitExpressionStatement(ClassCodeExpressionTransformer.java:108)
  	at org.codehaus.groovy.ast.stmt.ExpressionStatement.visit(ExpressionStatement.java:40)
  	at org.codehaus.groovy.ast.ClassCodeVisitorSupport.visitClassCodeContainer(ClassCodeVisitorSupport.java:138)
  	at org.codehaus.groovy.ast.ClassCodeVisitorSupport.visitConstructorOrMethod(ClassCodeVisitorSupport.java:111)
  	at org.codehaus.groovy.ast.ClassCodeExpressionTransformer.visitConstructorOrMethod(ClassCodeExpressionTransformer.java:66)
  	at org.codehaus.groovy.control.StaticImportVisitor.visitConstructorOrMethod(StaticImportVisitor.java:108)
  	at org.codehaus.groovy.ast.ClassCodeVisitorSupport.visitConstructor(ClassCodeVisitorSupport.java:101)
  	at org.codehaus.groovy.ast.ClassNode.visitContents(ClassNode.java:1089)
  	at org.codehaus.groovy.ast.ClassCodeVisitorSupport.visitClass(ClassCodeVisitorSupport.java:52)
  	at org.codehaus.groovy.control.CompilationUnit.lambda$addPhaseOperations$3(CompilationUnit.java:209)
  	at org.codehaus.groovy.control.CompilationUnit$IPrimaryClassNodeOperation.doPhaseOperation(CompilationUnit.java:942)
  	at org.codehaus.groovy.control.CompilationUnit.processPhaseOperations(CompilationUnit.java:671)
  	at org.codehaus.groovy.control.CompilationUnit.compile(CompilationUnit.java:635)
  	at groovy.lang.GroovyClassLoader.doParseClass(GroovyClassLoader.java:389)
  	at groovy.lang.GroovyClassLoader.lambda$parseClass$3(GroovyClassLoader.java:332)
  	at org.codehaus.groovy.runtime.memoize.StampedCommonCache.compute(StampedCommonCache.java:163)
  	at org.codehaus.groovy.runtime.memoize.StampedCommonCache.getAndPut(StampedCommonCache.java:154)
  	at groovy.lang.GroovyClassLoader.parseClass(GroovyClassLoader.java:330)
  	at org.gradle.groovy.scripts.internal.DefaultScriptCompilationHandler.compileScript(DefaultScriptCompilationHandler.java:139)
  	at org.gradle.groovy.scripts.internal.DefaultScriptCompilationHandler.compileToDir(DefaultScriptCompilationHandler.java:95)
  	at org.gradle.groovy.scripts.internal.BuildOperationBackedScriptCompilationHandler$2.run(BuildOperationBackedScriptCompilationHandler.java:54)
  	at org.gradle.internal.operations.DefaultBuildOperationRunner$1.execute(DefaultBuildOperationRunner.java:29)
  	at org.gradle.internal.operations.DefaultBuildOperationRunner$1.execute(DefaultBuildOperationRunner.java:26)
  	at org.gradle.internal.operations.DefaultBuildOperationRunner$3.execute(DefaultBuildOperationRunner.java:75)
  	at org.gradle.internal.operations.DefaultBuildOperationRunner$3.execute(DefaultBuildOperationRunner.java:68)
  	at org.gradle.internal.operations.DefaultBuildOperationRunner.execute(DefaultBuildOperationRunner.java:153)
  	at org.gradle.internal.operations.DefaultBuildOperationRunner.execute(DefaultBuildOperationRunner.java:68)
  	at org.gradle.internal.operations.DefaultBuildOperationRunner.run(DefaultBuildOperationRunner.java:56)
  	at org.gradle.internal.operations.DefaultBuildOperationExecutor.lambda$run$1(DefaultBuildOperationExecutor.java:74)
  	at org.gradle.internal.operations.UnmanagedBuildOperationWrapper.runWithUnmanagedSupport(UnmanagedBuildOperationWrapper.java:45)
  	at org.gradle.internal.operations.DefaultBuildOperationExecutor.run(DefaultBuildOperationExecutor.java:74)
  	at org.gradle.groovy.scripts.internal.BuildOperationBackedScriptCompilationHandler.compileToDir(BuildOperationBackedScriptCompilationHandler.java:51)
  	at org.gradle.groovy.scripts.internal.FileCacheBackedScriptClassCompiler$CompileToCrossBuildCacheAction.execute(FileCacheBackedScriptClassCompiler.java:190)
  	at org.gradle.groovy.scripts.internal.FileCacheBackedScriptClassCompiler$CompileToCrossBuildCacheAction.execute(FileCacheBackedScriptClassCompiler.java:170)
  	at org.gradle.groovy.scripts.internal.FileCacheBackedScriptClassCompiler$ProgressReportingInitializer.execute(FileCacheBackedScriptClassCompiler.java:211)
  	at org.gradle.groovy.scripts.internal.FileCacheBackedScriptClassCompiler$ProgressReportingInitializer.execute(FileCacheBackedScriptClassCompiler.java:194)
  	at org.gradle.cache.internal.DefaultPersistentDirectoryCache$Initializer.initialize(DefaultPersistentDirectoryCache.java:100)
  	at org.gradle.cache.internal.FixedSharedModeCrossProcessCacheAccess$1.run(FixedSharedModeCrossProcessCacheAccess.java:86)
  	at org.gradle.cache.internal.DefaultFileLockManager$DefaultFileLock.doWriteAction(DefaultFileLockManager.java:216)
  	at org.gradle.cache.internal.DefaultFileLockManager$DefaultFileLock.writeFile(DefaultFileLockManager.java:206)
  	at org.gradle.cache.internal.FixedSharedModeCrossProcessCacheAccess.open(FixedSharedModeCrossProcessCacheAccess.java:83)
  	at org.gradle.cache.internal.DefaultCacheAccess.open(DefaultCacheAccess.java:139)
  	at org.gradle.cache.internal.DefaultPersistentDirectoryStore.open(DefaultPersistentDirectoryStore.java:89)
  	at org.gradle.cache.internal.DefaultPersistentDirectoryStore.open(DefaultPersistentDirectoryStore.java:43)
  	at org.gradle.cache.internal.DefaultCacheFactory.doOpen(DefaultCacheFactory.java:103)
  	at org.gradle.cache.internal.DefaultCacheFactory.open(DefaultCacheFactory.java:68)
  	at org.gradle.cache.internal.DefaultCacheRepository$PersistentCacheBuilder.open(DefaultCacheRepository.java:126)
  	at org.gradle.groovy.scripts.internal.FileCacheBackedScriptClassCompiler.compile(FileCacheBackedScriptClassCompiler.java:116)
  	at org.gradle.groovy.scripts.internal.CrossBuildInMemoryCachingScriptClassCache.getOrCompile(CrossBuildInMemoryCachingScriptClassCache.java:50)
  	at org.gradle.groovy.scripts.internal.BuildScopeInMemoryCachingScriptClassCompiler.compile(BuildScopeInMemoryCachingScriptClassCompiler.java:50)
  	at org.gradle.groovy.scripts.DefaultScriptCompilerFactory$ScriptCompilerImpl.compile(DefaultScriptCompilerFactory.java:49)
  	at org.gradle.configuration.DefaultScriptPluginFactory$ScriptPluginImpl.apply(DefaultScriptPluginFactory.java:125)
  	at org.gradle.configuration.BuildOperationScriptPlugin$1.run(BuildOperationScriptPlugin.java:65)
  	at org.gradle.internal.operations.DefaultBuildOperationRunner$1.execute(DefaultBuildOperationRunner.java:29)
  	at org.gradle.internal.operations.DefaultBuildOperationRunner$1.execute(DefaultBuildOperationRunner.java:26)
  	at org.gradle.internal.operations.DefaultBuildOperationRunner$3.execute(DefaultBuildOperationRunner.java:75)
  	at org.gradle.internal.operations.DefaultBuildOperationRunner$3.execute(DefaultBuildOperationRunner.java:68)
  	at org.gradle.internal.operations.DefaultBuildOperationRunner.execute(DefaultBuildOperationRunner.java:153)
  	at org.gradle.internal.operations.DefaultBuildOperationRunner.execute(DefaultBuildOperationRunner.java:68)
  	at org.gradle.internal.operations.DefaultBuildOperationRunner.run(DefaultBuildOperationRunner.java:56)
  	at org.gradle.internal.operations.DefaultBuildOperationExecutor.lambda$run$1(DefaultBuildOperationExecutor.java:74)
  	at org.gradle.internal.operations.UnmanagedBuildOperationWrapper.runWithUnmanagedSupport(UnmanagedBuildOperationWrapper.java:45)
  	at org.gradle.internal.operations.DefaultBuildOperationExecutor.run(DefaultBuildOperationExecutor.java:74)
  	at org.gradle.configuration.BuildOperationScriptPlugin.lambda$apply$0(BuildOperationScriptPlugin.java:62)
  	at org.gradle.configuration.internal.DefaultUserCodeApplicationContext.apply(DefaultUserCodeApplicationContext.java:44)
  	at org.gradle.configuration.BuildOperationScriptPlugin.apply(BuildOperationScriptPlugin.java:62)
  	at org.gradle.initialization.ScriptEvaluatingSettingsProcessor.applySettingsScript(ScriptEvaluatingSettingsProcessor.java:74)
  	at org.gradle.initialization.ScriptEvaluatingSettingsProcessor.process(ScriptEvaluatingSettingsProcessor.java:67)
  	at org.gradle.initialization.SettingsEvaluatedCallbackFiringSettingsProcessor.process(SettingsEvaluatedCallbackFiringSettingsProcessor.java:34)
  	at org.gradle.initialization.RootBuildCacheControllerSettingsProcessor.process(RootBuildCacheControllerSettingsProcessor.java:47)
  	at org.gradle.initialization.BuildOperationSettingsProcessor$2.call(BuildOperationSettingsProcessor.java:50)
  	at org.gradle.initialization.BuildOperationSettingsProcessor$2.call(BuildOperationSettingsProcessor.java:47)
  	at org.gradle.internal.operations.DefaultBuildOperationRunner$CallableBuildOperationWorker.execute(DefaultBuildOperationRunner.java:200)
  	at org.gradle.internal.operations.DefaultBuildOperationRunner$CallableBuildOperationWorker.execute(DefaultBuildOperationRunner.java:195)
  	at org.gradle.internal.operations.DefaultBuildOperationRunner$3.execute(DefaultBuildOperationRunner.java:75)
  	at org.gradle.internal.operations.DefaultBuildOperationRunner$3.execute(DefaultBuildOperationRunner.java:68)
  	at org.gradle.internal.operations.DefaultBuildOperationRunner.execute(DefaultBuildOperationRunner.java:153)
  	at org.gradle.internal.operations.DefaultBuildOperationRunner.execute(DefaultBuildOperationRunner.java:68)
  	at org.gradle.internal.operations.DefaultBuildOperationRunner.call(DefaultBuildOperationRunner.java:62)
  	at org.gradle.internal.operations.DefaultBuildOperationExecutor.lambda$call$2(DefaultBuildOperationExecutor.java:79)
  	at org.gradle.internal.operations.UnmanagedBuildOperationWrapper.callWithUnmanagedSupport(UnmanagedBuildOperationWrapper.java:54)
  	at org.gradle.internal.operations.DefaultBuildOperationExecutor.call(DefaultBuildOperationExecutor.java:79)
  	at org.gradle.initialization.BuildOperationSettingsProcessor.process(BuildOperationSettingsProcessor.java:47)
  	at org.gradle.initialization.DefaultSettingsLoader.findSettingsAndLoadIfAppropriate(DefaultSettingsLoader.java:119)
  	at org.gradle.initialization.DefaultSettingsLoader.findAndLoadSettings(DefaultSettingsLoader.java:56)
  	at org.gradle.initialization.SettingsAttachingSettingsLoader.findAndLoadSettings(SettingsAttachingSettingsLoader.java:35)
  	at org.gradle.internal.composite.CommandLineIncludedBuildSettingsLoader.findAndLoadSettings(CommandLineIncludedBuildSettingsLoader.java:34)
  	at org.gradle.internal.composite.ChildBuildRegisteringSettingsLoader.findAndLoadSettings(ChildBuildRegisteringSettingsLoader.java:50)
  	at org.gradle.internal.composite.CompositeBuildSettingsLoader.findAndLoadSettings(CompositeBuildSettingsLoader.java:35)
  	at org.gradle.initialization.InitScriptHandlingSettingsLoader.findAndLoadSettings(InitScriptHandlingSettingsLoader.java:34)
  	at org.gradle.initialization.GradlePropertiesHandlingSettingsLoader.findAndLoadSettings(GradlePropertiesHandlingSettingsLoader.java:39)
  	at org.gradle.initialization.DefaultSettingsPreparer.prepareSettings(DefaultSettingsPreparer.java:31)
  	at org.gradle.initialization.BuildOperationFiringSettingsPreparer$LoadBuild.doLoadBuild(BuildOperationFiringSettingsPreparer.java:62)
  	at org.gradle.initialization.BuildOperationFiringSettingsPreparer$LoadBuild.run(BuildOperationFiringSettingsPreparer.java:57)
  	at org.gradle.internal.operations.DefaultBuildOperationRunner$1.execute(DefaultBuildOperationRunner.java:29)
  	at org.gradle.internal.operations.DefaultBuildOperationRunner$1.execute(DefaultBuildOperationRunner.java:26)
  	at org.gradle.internal.operations.DefaultBuildOperationRunner$3.execute(DefaultBuildOperationRunner.java:75)
  	at org.gradle.internal.operations.DefaultBuildOperationRunner$3.execute(DefaultBuildOperationRunner.java:68)
  	at org.gradle.internal.operations.DefaultBuildOperationRunner.execute(DefaultBuildOperationRunner.java:153)
  	at org.gradle.internal.operations.DefaultBuildOperationRunner.execute(DefaultBuildOperationRunner.java:68)
  	at org.gradle.internal.operations.DefaultBuildOperationRunner.run(DefaultBuildOperationRunner.java:56)
  	at org.gradle.internal.operations.DefaultBuildOperationExecutor.lambda$run$1(DefaultBuildOperationExecutor.java:74)
  	at org.gradle.internal.operations.UnmanagedBuildOperationWrapper.runWithUnmanagedSupport(UnmanagedBuildOperationWrapper.java:45)
  	at org.gradle.internal.operations.DefaultBuildOperationExecutor.run(DefaultBuildOperationExecutor.java:74)
  	at org.gradle.initialization.BuildOperationFiringSettingsPreparer.prepareSettings(BuildOperationFiringSettingsPreparer.java:45)
  	at org.gradle.initialization.VintageBuildModelController.prepareSettings(VintageBuildModelController.java:78)
  	at org.gradle.initialization.VintageBuildModelController.doBuildStages(VintageBuildModelController.java:65)
  	at org.gradle.initialization.VintageBuildModelController.scheduleRequestedTasks(VintageBuildModelController.java:61)
  	at org.gradle.internal.build.DefaultBuildLifecycleController.lambda$scheduleRequestedTasks$1(DefaultBuildLifecycleController.java:112)
  	at org.gradle.internal.build.DefaultBuildLifecycleController.withModel(DefaultBuildLifecycleController.java:134)
  	at org.gradle.internal.build.DefaultBuildLifecycleController.scheduleRequestedTasks(DefaultBuildLifecycleController.java:110)
  	at org.gradle.internal.buildtree.DefaultBuildTreeLifecycleController.lambda$scheduleAndRunTasks$0(DefaultBuildTreeLifecycleController.java:62)
  	at org.gradle.internal.buildtree.DefaultBuildTreeLifecycleController.lambda$doBuild$4(DefaultBuildTreeLifecycleController.java:105)
  	at org.gradle.internal.work.DefaultWorkerLeaseService.withLocks(DefaultWorkerLeaseService.java:213)
  	at org.gradle.internal.buildtree.DefaultBuildTreeLifecycleController.doBuild(DefaultBuildTreeLifecycleController.java:99)
  	at org.gradle.internal.buildtree.DefaultBuildTreeLifecycleController.scheduleAndRunTasks(DefaultBuildTreeLifecycleController.java:61)
  	at org.gradle.tooling.internal.provider.ExecuteBuildActionRunner.run(ExecuteBuildActionRunner.java:31)
  	at org.gradle.launcher.exec.ChainingBuildActionRunner.run(ChainingBuildActionRunner.java:35)
  	at org.gradle.internal.buildtree.ProblemReportingBuildActionRunner.run(ProblemReportingBuildActionRunner.java:50)
  	at org.gradle.launcher.exec.BuildOutcomeReportingBuildActionRunner.run(BuildOutcomeReportingBuildActionRunner.java:69)
  	at org.gradle.tooling.internal.provider.FileSystemWatchingBuildActionRunner.run(FileSystemWatchingBuildActionRunner.java:90)
  	at org.gradle.launcher.exec.BuildCompletionNotifyingBuildActionRunner.run(BuildCompletionNotifyingBuildActionRunner.java:41)
  	at org.gradle.launcher.exec.RootBuildLifecycleBuildActionExecutor.lambda$execute$0(RootBuildLifecycleBuildActionExecutor.java:40)
  	at org.gradle.composite.internal.DefaultRootBuildState.run(DefaultRootBuildState.java:128)
  	at org.gradle.launcher.exec.RootBuildLifecycleBuildActionExecutor.execute(RootBuildLifecycleBuildActionExecutor.java:40)
  	at org.gradle.internal.buildtree.DefaultBuildTreeContext.execute(DefaultBuildTreeContext.java:40)
  	at org.gradle.launcher.exec.BuildTreeLifecycleBuildActionExecutor.lambda$execute$0(BuildTreeLifecycleBuildActionExecutor.java:40)
  	at org.gradle.internal.buildtree.BuildTreeState.run(BuildTreeState.java:53)
  	at org.gradle.launcher.exec.BuildTreeLifecycleBuildActionExecutor.execute(BuildTreeLifecycleBuildActionExecutor.java:40)
  	at org.gradle.launcher.exec.RunAsBuildOperationBuildActionExecutor$3.call(RunAsBuildOperationBuildActionExecutor.java:61)
  	at org.gradle.launcher.exec.RunAsBuildOperationBuildActionExecutor$3.call(RunAsBuildOperationBuildActionExecutor.java:57)
  	at org.gradle.internal.operations.DefaultBuildOperationRunner$CallableBuildOperationWorker.execute(DefaultBuildOperationRunner.java:200)
  	at org.gradle.internal.operations.DefaultBuildOperationRunner$CallableBuildOperationWorker.execute(DefaultBuildOperationRunner.java:195)
  	at org.gradle.internal.operations.DefaultBuildOperationRunner$3.execute(DefaultBuildOperationRunner.java:75)
  	at org.gradle.internal.operations.DefaultBuildOperationRunner$3.execute(DefaultBuildOperationRunner.java:68)
  	at org.gradle.internal.operations.DefaultBuildOperationRunner.execute(DefaultBuildOperationRunner.java:153)
  	at org.gradle.internal.operations.DefaultBuildOperationRunner.execute(DefaultBuildOperationRunner.java:68)
  	at org.gradle.internal.operations.DefaultBuildOperationRunner.call(DefaultBuildOperationRunner.java:62)
  	at org.gradle.internal.operations.DefaultBuildOperationExecutor.lambda$call$2(DefaultBuildOperationExecutor.java:79)
  	at org.gradle.internal.operations.UnmanagedBuildOperationWrapper.callWithUnmanagedSupport(UnmanagedBuildOperationWrapper.java:54)
  	at org.gradle.internal.operations.DefaultBuildOperationExecutor.call(DefaultBuildOperationExecutor.java:79)
  	at org.gradle.launcher.exec.RunAsBuildOperationBuildActionExecutor.execute(RunAsBuildOperationBuildActionExecutor.java:57)
  	at org.gradle.tooling.internal.provider.ContinuousBuildActionExecutor.execute(ContinuousBuildActionExecutor.java:103)
  	at org.gradle.tooling.internal.provider.SubscribableBuildActionExecutor.execute(SubscribableBuildActionExecutor.java:64)
  	at org.gradle.internal.session.DefaultBuildSessionContext.execute(DefaultBuildSessionContext.java:46)
  	at org.gradle.tooling.internal.provider.BuildSessionLifecycleBuildActionExecuter.lambda$execute$0(BuildSessionLifecycleBuildActionExecuter.java:55)
  	at org.gradle.internal.session.BuildSessionState.run(BuildSessionState.java:69)
  	at org.gradle.tooling.internal.provider.BuildSessionLifecycleBuildActionExecuter.execute(BuildSessionLifecycleBuildActionExecuter.java:54)
  	at org.gradle.tooling.internal.provider.BuildSessionLifecycleBuildActionExecuter.execute(BuildSessionLifecycleBuildActionExecuter.java:36)
  	at org.gradle.tooling.internal.provider.GradleThreadBuildActionExecuter.execute(GradleThreadBuildActionExecuter.java:36)
  	at org.gradle.tooling.internal.provider.GradleThreadBuildActionExecuter.execute(GradleThreadBuildActionExecuter.java:25)
  	at org.gradle.tooling.internal.provider.StartParamsValidatingActionExecuter.execute(StartParamsValidatingActionExecuter.java:63)
  	at org.gradle.tooling.internal.provider.StartParamsValidatingActionExecuter.execute(StartParamsValidatingActionExecuter.java:31)
  	at org.gradle.tooling.internal.provider.SessionFailureReportingActionExecuter.execute(SessionFailureReportingActionExecuter.java:58)
  	at org.gradle.tooling.internal.provider.SessionFailureReportingActionExecuter.execute(SessionFailureReportingActionExecuter.java:42)
  	at org.gradle.tooling.internal.provider.SetupLoggingActionExecuter.execute(SetupLoggingActionExecuter.java:47)
  	at org.gradle.tooling.internal.provider.SetupLoggingActionExecuter.execute(SetupLoggingActionExecuter.java:31)
  	at org.gradle.launcher.daemon.server.exec.ExecuteBuild.doBuild(ExecuteBuild.java:65)
  	at org.gradle.launcher.daemon.server.exec.BuildCommandOnly.execute(BuildCommandOnly.java:37)
  	at org.gradle.launcher.daemon.server.api.DaemonCommandExecution.proceed(DaemonCommandExecution.java:104)
  	at org.gradle.launcher.daemon.server.exec.WatchForDisconnection.execute(WatchForDisconnection.java:39)
  	at org.gradle.launcher.daemon.server.api.DaemonCommandExecution.proceed(DaemonCommandExecution.java:104)
  	at org.gradle.launcher.daemon.server.exec.ResetDeprecationLogger.execute(ResetDeprecationLogger.java:29)
  	at org.gradle.launcher.daemon.server.api.DaemonCommandExecution.proceed(DaemonCommandExecution.java:104)
  	at org.gradle.launcher.daemon.server.exec.RequestStopIfSingleUsedDaemon.execute(RequestStopIfSingleUsedDaemon.java:35)
  	at org.gradle.launcher.daemon.server.api.DaemonCommandExecution.proceed(DaemonCommandExecution.java:104)
  	at org.gradle.launcher.daemon.server.exec.ForwardClientInput$2.create(ForwardClientInput.java:78)
  	at org.gradle.launcher.daemon.server.exec.ForwardClientInput$2.create(ForwardClientInput.java:75)
  	at org.gradle.util.internal.Swapper.swap(Swapper.java:38)
  	at org.gradle.launcher.daemon.server.exec.ForwardClientInput.execute(ForwardClientInput.java:75)
  	at org.gradle.launcher.daemon.server.api.DaemonCommandExecution.proceed(DaemonCommandExecution.java:104)
  	at org.gradle.launcher.daemon.server.exec.LogAndCheckHealth.execute(LogAndCheckHealth.java:55)
  	at org.gradle.launcher.daemon.server.api.DaemonCommandExecution.proceed(DaemonCommandExecution.java:104)
  	at org.gradle.launcher.daemon.server.exec.LogToClient.doBuild(LogToClient.java:63)
  	at org.gradle.launcher.daemon.server.exec.BuildCommandOnly.execute(BuildCommandOnly.java:37)
  	at org.gradle.launcher.daemon.server.api.DaemonCommandExecution.proceed(DaemonCommandExecution.java:104)
  	at org.gradle.launcher.daemon.server.exec.EstablishBuildEnvironment.doBuild(EstablishBuildEnvironment.java:84)
  	at org.gradle.launcher.daemon.server.exec.BuildCommandOnly.execute(BuildCommandOnly.java:37)
  	at org.gradle.launcher.daemon.server.api.DaemonCommandExecution.proceed(DaemonCommandExecution.java:104)
  	at org.gradle.launcher.daemon.server.exec.StartBuildOrRespondWithBusy$1.run(StartBuildOrRespondWithBusy.java:52)
  	at org.gradle.launcher.daemon.server.DaemonStateCoordinator$1.run(DaemonStateCoordinator.java:297)
  	at org.gradle.internal.concurrent.ExecutorPolicy$CatchAndRecordFailures.onExecute(ExecutorPolicy.java:64)
  	at org.gradle.internal.concurrent.ManagedExecutorImpl$1.run(ManagedExecutorImpl.java:48)
  	at java.base/java.util.concurrent.ThreadPoolExecutor.runWorker(ThreadPoolExecutor.java:1136)
  	at java.base/java.util.concurrent.ThreadPoolExecutor$Worker.run(ThreadPoolExecutor.java:635)
  	at org.gradle.internal.concurrent.ThreadFactoryImpl$ManagedThreadRunnable.run(ThreadFactoryImpl.java:56)
  	at java.base/java.lang.Thread.run(Thread.java:833)
  
  1 error


* Try:
Run with --stacktrace option to get the stack trace. Run with --info or --debug option to get more log output. Run with --scan to get full insights.

* Get more help at https://help.gradle.org

BUILD FAILED in 3s
2023-04-18T07:44:09.820+0900 [DEBUG] [org.gradle.launcher.daemon.server.exec.ExecuteBuild] The daemon has finished executing the build.
2023-04-18T07:44:09.827+0900 [DEBUG] [org.gradle.launcher.daemon.server.DaemonStateCoordinator] daemon is running. Sleeping until state changes.
2023-04-18T07:44:09.828+0900 [DEBUG] [org.gradle.launcher.daemon.server.DaemonStateCoordinator] Command execution: finished waiting for DaemonCommandExecution[command = Build{id=f7cba581-260f-4046-99da-49973f7f1dc5, currentDir=/Users/gomcoder_mac/SpringBoot-AWS/freelec-springboot2-webservice}, connection = DefaultDaemonConnection: socket connection from /127.0.0.1:50028 to /127.0.0.1:50029]. Result org.gradle.launcher.daemon.server.DaemonStateCoordinator@22dbd347 with state Busy
2023-04-18T07:44:09.828+0900 [DEBUG] [org.gradle.launcher.daemon.server.DaemonStateCoordinator] Command execution: completed DaemonCommandExecution[command = Build{id=f7cba581-260f-4046-99da-49973f7f1dc5, currentDir=/Users/gomcoder_mac/SpringBoot-AWS/freelec-springboot2-webservice}, connection = DefaultDaemonConnection: socket connection from /127.0.0.1:50028 to /127.0.0.1:50029]
2023-04-18T07:44:09.828+0900 [DEBUG] [org.gradle.launcher.daemon.server.DaemonStateCoordinator] resetting idle timer
2023-04-18T07:44:09.828+0900 [INFO] [org.gradle.launcher.daemon.server.DaemonRegistryUpdater] Marking the daemon as idle, address: [96fe4b0c-1554-4400-9b99-f80f28238ffd port:50028, addresses:[localhost/127.0.0.1]]
2023-04-18T07:44:09.828+0900 [DEBUG] [org.gradle.launcher.daemon.registry.PersistentDaemonRegistry] Marking busy by address: [96fe4b0c-1554-4400-9b99-f80f28238ffd port:50028, addresses:[localhost/127.0.0.1]]
2023-04-18T07:44:09.828+0900 [DEBUG] [org.gradle.cache.internal.DefaultFileLockManager] Waiting to acquire exclusive lock on daemon addresses registry.
2023-04-18T07:44:09.829+0900 [DEBUG] [org.gradle.cache.internal.DefaultFileLockManager] Lock acquired on daemon addresses registry.
2023-04-18T07:44:09.829+0900 [DEBUG] [org.gradle.cache.internal.DefaultFileLockManager] Releasing lock on daemon addresses registry.
2023-04-18T07:44:09.830+0900 [DEBUG] [org.gradle.launcher.daemon.server.DaemonStateCoordinator] daemon is running. Sleeping until state changes.
2023-04-18T07:44:09.830+0900 [DEBUG] [org.gradle.launcher.daemon.server.exec.ReturnResult] Daemon is dispatching the build result: Success[value=org.gradle.launcher.exec.BuildActionResult@6f0c76c0]
2023-04-18T07:44:09.830+0900 [DEBUG] [org.gradle.launcher.daemon.server.SynchronizedDispatchConnection] thread 28: dispatching Success[value=org.gradle.launcher.exec.BuildActionResult@6f0c76c0]
2023-04-18T07:44:09.838+0900 [DEBUG] [org.gradle.launcher.daemon.server.DefaultIncomingConnectionHandler] Finishing executing command: Build{id=f7cba581-260f-4046-99da-49973f7f1dc5, currentDir=/Users/gomcoder_mac/SpringBoot-AWS/freelec-springboot2-webservice}
2023-04-18T07:44:09.864+0900 [DEBUG] [org.gradle.launcher.daemon.server.SynchronizedDispatchConnection] thread 29: received class org.gradle.launcher.daemon.protocol.CloseInput
2023-04-18T07:44:09.865+0900 [DEBUG] [org.gradle.launcher.daemon.server.DefaultDaemonConnection] thread 29: Received IO message from client: org.gradle.launcher.daemon.protocol.CloseInput@d29e97e
2023-04-18T07:44:09.865+0900 [DEBUG] [org.gradle.launcher.daemon.server.SynchronizedDispatchConnection] thread 29: received class org.gradle.launcher.daemon.protocol.Finished
2023-04-18T07:44:09.865+0900 [DEBUG] [org.gradle.launcher.daemon.server.DefaultDaemonConnection] thread 29: Received non-IO message from client: org.gradle.launcher.daemon.protocol.Finished@247bc502
2023-04-18T07:44:09.865+0900 [DEBUG] [org.gradle.launcher.daemon.server.DefaultIncomingConnectionHandler] Received finished message: org.gradle.launcher.daemon.protocol.Finished@247bc502
2023-04-18T07:44:09.865+0900 [DEBUG] [org.gradle.launcher.daemon.server.SynchronizedDispatchConnection] thread 28: stopping connection
2023-04-18T07:44:09.866+0900 [DEBUG] [org.gradle.internal.remote.internal.inet.SocketConnection] Discarding EOFException: java.io.EOFException
2023-04-18T07:44:09.866+0900 [DEBUG] [org.gradle.launcher.daemon.server.SynchronizedDispatchConnection] thread 29: received null
2023-04-18T07:44:09.866+0900 [DEBUG] [org.gradle.launcher.daemon.server.DefaultDaemonConnection] thread 29: Received end-of-input from client.
2023-04-18T07:44:09.866+0900 [DEBUG] [org.gradle.launcher.daemon.server.SynchronizedDispatchConnection] thread 28: stopping connection
2023-04-18T07:44:18.188+0900 [DEBUG] [org.gradle.cache.internal.DefaultFileLockManager] Waiting to acquire shared lock on daemon addresses registry.
2023-04-18T07:44:18.189+0900 [DEBUG] [org.gradle.cache.internal.DefaultFileLockManager] Lock acquired on daemon addresses registry.
2023-04-18T07:44:18.189+0900 [DEBUG] [org.gradle.cache.internal.DefaultFileLockManager] Releasing lock on daemon addresses registry.
2023-04-18T07:44:18.189+0900 [DEBUG] [org.gradle.cache.internal.DefaultFileLockManager] Waiting to acquire shared lock on daemon addresses registry.
2023-04-18T07:44:18.190+0900 [DEBUG] [org.gradle.cache.internal.DefaultFileLockManager] Lock acquired on daemon addresses registry.
2023-04-18T07:44:18.190+0900 [DEBUG] [org.gradle.cache.internal.DefaultFileLockManager] Releasing lock on daemon addresses registry.
2023-04-18T07:44:28.186+0900 [DEBUG] [org.gradle.cache.internal.DefaultFileLockManager] Waiting to acquire shared lock on daemon addresses registry.
2023-04-18T07:44:28.186+0900 [DEBUG] [org.gradle.cache.internal.DefaultFileLockManager] Lock acquired on daemon addresses registry.
2023-04-18T07:44:28.186+0900 [DEBUG] [org.gradle.cache.internal.DefaultFileLockManager] Releasing lock on daemon addresses registry.
2023-04-18T07:44:28.187+0900 [DEBUG] [org.gradle.cache.internal.DefaultFileLockManager] Waiting to acquire shared lock on daemon addresses registry.
2023-04-18T07:44:28.187+0900 [DEBUG] [org.gradle.cache.internal.DefaultFileLockManager] Lock acquired on daemon addresses registry.
2023-04-18T07:44:28.187+0900 [DEBUG] [org.gradle.cache.internal.DefaultFileLockManager] Releasing lock on daemon addresses registry.
2023-04-18T07:44:28.188+0900 [DEBUG] [org.gradle.cache.internal.DefaultFileLockManager] Waiting to acquire shared lock on daemon addresses registry.
2023-04-18T07:44:28.188+0900 [DEBUG] [org.gradle.cache.internal.DefaultFileLockManager] Lock acquired on daemon addresses registry.
2023-04-18T07:44:28.188+0900 [DEBUG] [org.gradle.cache.internal.DefaultFileLockManager] Releasing lock on daemon addresses registry.
2023-04-18T07:44:38.186+0900 [DEBUG] [org.gradle.cache.internal.DefaultFileLockManager] Waiting to acquire shared lock on daemon addresses registry.
2023-04-18T07:44:38.187+0900 [DEBUG] [org.gradle.cache.internal.DefaultFileLockManager] Lock acquired on daemon addresses registry.
2023-04-18T07:44:38.187+0900 [DEBUG] [org.gradle.cache.internal.DefaultFileLockManager] Releasing lock on daemon addresses registry.
2023-04-18T07:44:38.188+0900 [DEBUG] [org.gradle.cache.internal.DefaultFileLockManager] Waiting to acquire shared lock on daemon addresses registry.
2023-04-18T07:44:38.188+0900 [DEBUG] [org.gradle.cache.internal.DefaultFileLockManager] Lock acquired on daemon addresses registry.
2023-04-18T07:44:38.188+0900 [DEBUG] [org.gradle.cache.internal.DefaultFileLockManager] Releasing lock on daemon addresses registry.
2023-04-18T07:44:38.189+0900 [DEBUG] [org.gradle.cache.internal.DefaultFileLockManager] Waiting to acquire shared lock on daemon addresses registry.
2023-04-18T07:44:38.189+0900 [DEBUG] [org.gradle.cache.internal.DefaultFileLockManager] Lock acquired on daemon addresses registry.
2023-04-18T07:44:38.189+0900 [DEBUG] [org.gradle.cache.internal.DefaultFileLockManager] Releasing lock on daemon addresses registry.
2023-04-18T07:44:48.189+0900 [DEBUG] [org.gradle.cache.internal.DefaultFileLockManager] Waiting to acquire shared lock on daemon addresses registry.
2023-04-18T07:44:48.190+0900 [DEBUG] [org.gradle.cache.internal.DefaultFileLockManager] Lock acquired on daemon addresses registry.
2023-04-18T07:44:48.190+0900 [DEBUG] [org.gradle.cache.internal.DefaultFileLockManager] Releasing lock on daemon addresses registry.
2023-04-18T07:44:48.190+0900 [DEBUG] [org.gradle.cache.internal.DefaultFileLockManager] Waiting to acquire shared lock on daemon addresses registry.
2023-04-18T07:44:48.190+0900 [DEBUG] [org.gradle.cache.internal.DefaultFileLockManager] Lock acquired on daemon addresses registry.
2023-04-18T07:44:48.190+0900 [DEBUG] [org.gradle.cache.internal.DefaultFileLockManager] Releasing lock on daemon addresses registry.
2023-04-18T07:44:48.191+0900 [DEBUG] [org.gradle.cache.internal.DefaultFileLockManager] Waiting to acquire shared lock on daemon addresses registry.
2023-04-18T07:44:48.191+0900 [DEBUG] [org.gradle.cache.internal.DefaultFileLockManager] Lock acquired on daemon addresses registry.
2023-04-18T07:44:48.191+0900 [DEBUG] [org.gradle.cache.internal.DefaultFileLockManager] Releasing lock on daemon addresses registry.
2023-04-18T07:44:58.187+0900 [DEBUG] [org.gradle.cache.internal.DefaultFileLockManager] Waiting to acquire shared lock on daemon addresses registry.
2023-04-18T07:44:58.187+0900 [DEBUG] [org.gradle.cache.internal.DefaultFileLockManager] Lock acquired on daemon addresses registry.
2023-04-18T07:44:58.187+0900 [DEBUG] [org.gradle.cache.internal.DefaultFileLockManager] Releasing lock on daemon addresses registry.
2023-04-18T07:44:58.188+0900 [DEBUG] [org.gradle.cache.internal.DefaultFileLockManager] Waiting to acquire shared lock on daemon addresses registry.
2023-04-18T07:44:58.188+0900 [DEBUG] [org.gradle.cache.internal.DefaultFileLockManager] Lock acquired on daemon addresses registry.
2023-04-18T07:44:58.188+0900 [DEBUG] [org.gradle.cache.internal.DefaultFileLockManager] Releasing lock on daemon addresses registry.
2023-04-18T07:44:58.189+0900 [DEBUG] [org.gradle.cache.internal.DefaultFileLockManager] Waiting to acquire shared lock on daemon addresses registry.
2023-04-18T07:44:58.189+0900 [DEBUG] [org.gradle.cache.internal.DefaultFileLockManager] Lock acquired on daemon addresses registry.
2023-04-18T07:44:58.189+0900 [DEBUG] [org.gradle.cache.internal.DefaultFileLockManager] Releasing lock on daemon addresses registry.
2023-04-18T07:45:08.190+0900 [DEBUG] [org.gradle.cache.internal.DefaultFileLockManager] Waiting to acquire shared lock on daemon addresses registry.
2023-04-18T07:45:08.190+0900 [DEBUG] [org.gradle.cache.internal.DefaultFileLockManager] Lock acquired on daemon addresses registry.
2023-04-18T07:45:08.190+0900 [DEBUG] [org.gradle.cache.internal.DefaultFileLockManager] Releasing lock on daemon addresses registry.
2023-04-18T07:45:08.191+0900 [DEBUG] [org.gradle.cache.internal.DefaultFileLockManager] Waiting to acquire shared lock on daemon addresses registry.
2023-04-18T07:45:08.191+0900 [DEBUG] [org.gradle.cache.internal.DefaultFileLockManager] Lock acquired on daemon addresses registry.
2023-04-18T07:45:08.191+0900 [DEBUG] [org.gradle.cache.internal.DefaultFileLockManager] Releasing lock on daemon addresses registry.
2023-04-18T07:45:08.192+0900 [DEBUG] [org.gradle.cache.internal.DefaultFileLockManager] Waiting to acquire shared lock on daemon addresses registry.
2023-04-18T07:45:08.192+0900 [DEBUG] [org.gradle.cache.internal.DefaultFileLockManager] Lock acquired on daemon addresses registry.
2023-04-18T07:45:08.192+0900 [DEBUG] [org.gradle.cache.internal.DefaultFileLockManager] Releasing lock on daemon addresses registry.
2023-04-18T07:45:18.191+0900 [DEBUG] [org.gradle.cache.internal.DefaultFileLockManager] Waiting to acquire shared lock on daemon addresses registry.
2023-04-18T07:45:18.191+0900 [DEBUG] [org.gradle.cache.internal.DefaultFileLockManager] Lock acquired on daemon addresses registry.
2023-04-18T07:45:18.192+0900 [DEBUG] [org.gradle.cache.internal.DefaultFileLockManager] Releasing lock on daemon addresses registry.
2023-04-18T07:45:18.192+0900 [DEBUG] [org.gradle.cache.internal.DefaultFileLockManager] Waiting to acquire shared lock on daemon addresses registry.
2023-04-18T07:45:18.192+0900 [DEBUG] [org.gradle.cache.internal.DefaultFileLockManager] Lock acquired on daemon addresses registry.
2023-04-18T07:45:18.193+0900 [DEBUG] [org.gradle.cache.internal.DefaultFileLockManager] Releasing lock on daemon addresses registry.
2023-04-18T07:45:18.193+0900 [DEBUG] [org.gradle.cache.internal.DefaultFileLockManager] Waiting to acquire shared lock on daemon addresses registry.
2023-04-18T07:45:18.193+0900 [DEBUG] [org.gradle.cache.internal.DefaultFileLockManager] Lock acquired on daemon addresses registry.
2023-04-18T07:45:18.193+0900 [DEBUG] [org.gradle.cache.internal.DefaultFileLockManager] Releasing lock on daemon addresses registry.
2023-04-18T07:45:28.191+0900 [DEBUG] [org.gradle.cache.internal.DefaultFileLockManager] Waiting to acquire shared lock on daemon addresses registry.
2023-04-18T07:45:28.191+0900 [DEBUG] [org.gradle.cache.internal.DefaultFileLockManager] Lock acquired on daemon addresses registry.
2023-04-18T07:45:28.192+0900 [DEBUG] [org.gradle.cache.internal.DefaultFileLockManager] Releasing lock on daemon addresses registry.
2023-04-18T07:45:28.192+0900 [DEBUG] [org.gradle.cache.internal.DefaultFileLockManager] Waiting to acquire shared lock on daemon addresses registry.
2023-04-18T07:45:28.193+0900 [DEBUG] [org.gradle.cache.internal.DefaultFileLockManager] Lock acquired on daemon addresses registry.
2023-04-18T07:45:28.193+0900 [DEBUG] [org.gradle.cache.internal.DefaultFileLockManager] Releasing lock on daemon addresses registry.
2023-04-18T07:45:28.194+0900 [DEBUG] [org.gradle.cache.internal.DefaultFileLockManager] Waiting to acquire shared lock on daemon addresses registry.
2023-04-18T07:45:28.194+0900 [DEBUG] [org.gradle.cache.internal.DefaultFileLockManager] Lock acquired on daemon addresses registry.
2023-04-18T07:45:28.194+0900 [DEBUG] [org.gradle.cache.internal.DefaultFileLockManager] Releasing lock on daemon addresses registry.
2023-04-18T07:45:38.189+0900 [DEBUG] [org.gradle.cache.internal.DefaultFileLockManager] Waiting to acquire shared lock on daemon addresses registry.
2023-04-18T07:45:38.190+0900 [DEBUG] [org.gradle.cache.internal.DefaultFileLockManager] Lock acquired on daemon addresses registry.
2023-04-18T07:45:38.190+0900 [DEBUG] [org.gradle.cache.internal.DefaultFileLockManager] Releasing lock on daemon addresses registry.
2023-04-18T07:45:38.190+0900 [DEBUG] [org.gradle.cache.internal.DefaultFileLockManager] Waiting to acquire shared lock on daemon addresses registry.
2023-04-18T07:45:38.191+0900 [DEBUG] [org.gradle.cache.internal.DefaultFileLockManager] Lock acquired on daemon addresses registry.
2023-04-18T07:45:38.191+0900 [DEBUG] [org.gradle.cache.internal.DefaultFileLockManager] Releasing lock on daemon addresses registry.
2023-04-18T07:45:38.191+0900 [DEBUG] [org.gradle.cache.internal.DefaultFileLockManager] Waiting to acquire shared lock on daemon addresses registry.
2023-04-18T07:45:38.191+0900 [DEBUG] [org.gradle.cache.internal.DefaultFileLockManager] Lock acquired on daemon addresses registry.
2023-04-18T07:45:38.192+0900 [DEBUG] [org.gradle.cache.internal.DefaultFileLockManager] Releasing lock on daemon addresses registry.
2023-04-18T07:45:48.189+0900 [DEBUG] [org.gradle.cache.internal.DefaultFileLockManager] Waiting to acquire shared lock on daemon addresses registry.
2023-04-18T07:45:48.190+0900 [DEBUG] [org.gradle.cache.internal.DefaultFileLockManager] Lock acquired on daemon addresses registry.
2023-04-18T07:45:48.190+0900 [DEBUG] [org.gradle.cache.internal.DefaultFileLockManager] Releasing lock on daemon addresses registry.
2023-04-18T07:45:48.190+0900 [DEBUG] [org.gradle.cache.internal.DefaultFileLockManager] Waiting to acquire shared lock on daemon addresses registry.
2023-04-18T07:45:48.191+0900 [DEBUG] [org.gradle.cache.internal.DefaultFileLockManager] Lock acquired on daemon addresses registry.
2023-04-18T07:45:48.191+0900 [DEBUG] [org.gradle.cache.internal.DefaultFileLockManager] Releasing lock on daemon addresses registry.
2023-04-18T07:45:48.191+0900 [DEBUG] [org.gradle.cache.internal.DefaultFileLockManager] Waiting to acquire shared lock on daemon addresses registry.
2023-04-18T07:45:48.191+0900 [DEBUG] [org.gradle.cache.internal.DefaultFileLockManager] Lock acquired on daemon addresses registry.
2023-04-18T07:45:48.192+0900 [DEBUG] [org.gradle.cache.internal.DefaultFileLockManager] Releasing lock on daemon addresses registry.
2023-04-18T07:45:58.189+0900 [DEBUG] [org.gradle.cache.internal.DefaultFileLockManager] Waiting to acquire shared lock on daemon addresses registry.
2023-04-18T07:45:58.189+0900 [DEBUG] [org.gradle.cache.internal.DefaultFileLockManager] Lock acquired on daemon addresses registry.
2023-04-18T07:45:58.190+0900 [DEBUG] [org.gradle.cache.internal.DefaultFileLockManager] Releasing lock on daemon addresses registry.
2023-04-18T07:45:58.190+0900 [DEBUG] [org.gradle.cache.internal.DefaultFileLockManager] Waiting to acquire shared lock on daemon addresses registry.
2023-04-18T07:45:58.190+0900 [DEBUG] [org.gradle.cache.internal.DefaultFileLockManager] Lock acquired on daemon addresses registry.
2023-04-18T07:45:58.191+0900 [DEBUG] [org.gradle.cache.internal.DefaultFileLockManager] Releasing lock on daemon addresses registry.
2023-04-18T07:45:58.191+0900 [DEBUG] [org.gradle.cache.internal.DefaultFileLockManager] Waiting to acquire shared lock on daemon addresses registry.
2023-04-18T07:45:58.191+0900 [DEBUG] [org.gradle.cache.internal.DefaultFileLockManager] Lock acquired on daemon addresses registry.
2023-04-18T07:45:58.191+0900 [DEBUG] [org.gradle.cache.internal.DefaultFileLockManager] Releasing lock on daemon addresses registry.
2023-04-18T07:46:08.190+0900 [DEBUG] [org.gradle.cache.internal.DefaultFileLockManager] Waiting to acquire shared lock on daemon addresses registry.
2023-04-18T07:46:08.190+0900 [DEBUG] [org.gradle.cache.internal.DefaultFileLockManager] Lock acquired on daemon addresses registry.
2023-04-18T07:46:08.191+0900 [DEBUG] [org.gradle.cache.internal.DefaultFileLockManager] Releasing lock on daemon addresses registry.
2023-04-18T07:46:08.191+0900 [DEBUG] [org.gradle.cache.internal.DefaultFileLockManager] Waiting to acquire shared lock on daemon addresses registry.
2023-04-18T07:46:08.191+0900 [DEBUG] [org.gradle.cache.internal.DefaultFileLockManager] Lock acquired on daemon addresses registry.
2023-04-18T07:46:08.192+0900 [DEBUG] [org.gradle.cache.internal.DefaultFileLockManager] Releasing lock on daemon addresses registry.
2023-04-18T07:46:08.192+0900 [DEBUG] [org.gradle.cache.internal.DefaultFileLockManager] Waiting to acquire shared lock on daemon addresses registry.
2023-04-18T07:46:08.192+0900 [DEBUG] [org.gradle.cache.internal.DefaultFileLockManager] Lock acquired on daemon addresses registry.
2023-04-18T07:46:08.192+0900 [DEBUG] [org.gradle.cache.internal.DefaultFileLockManager] Releasing lock on daemon addresses registry.
2023-04-18T07:46:18.190+0900 [DEBUG] [org.gradle.cache.internal.DefaultFileLockManager] Waiting to acquire shared lock on daemon addresses registry.
2023-04-18T07:46:18.190+0900 [DEBUG] [org.gradle.cache.internal.DefaultFileLockManager] Lock acquired on daemon addresses registry.
2023-04-18T07:46:18.190+0900 [DEBUG] [org.gradle.cache.internal.DefaultFileLockManager] Releasing lock on daemon addresses registry.
2023-04-18T07:46:18.191+0900 [DEBUG] [org.gradle.cache.internal.DefaultFileLockManager] Waiting to acquire shared lock on daemon addresses registry.
2023-04-18T07:46:18.191+0900 [DEBUG] [org.gradle.cache.internal.DefaultFileLockManager] Lock acquired on daemon addresses registry.
2023-04-18T07:46:18.191+0900 [DEBUG] [org.gradle.cache.internal.DefaultFileLockManager] Releasing lock on daemon addresses registry.
2023-04-18T07:46:18.191+0900 [DEBUG] [org.gradle.cache.internal.DefaultFileLockManager] Waiting to acquire shared lock on daemon addresses registry.
2023-04-18T07:46:18.192+0900 [DEBUG] [org.gradle.cache.internal.DefaultFileLockManager] Lock acquired on daemon addresses registry.
2023-04-18T07:46:18.192+0900 [DEBUG] [org.gradle.cache.internal.DefaultFileLockManager] Releasing lock on daemon addresses registry.
2023-04-18T07:46:28.188+0900 [DEBUG] [org.gradle.cache.internal.DefaultFileLockManager] Waiting to acquire shared lock on daemon addresses registry.
2023-04-18T07:46:28.188+0900 [DEBUG] [org.gradle.cache.internal.DefaultFileLockManager] Lock acquired on daemon addresses registry.
2023-04-18T07:46:28.188+0900 [DEBUG] [org.gradle.cache.internal.DefaultFileLockManager] Releasing lock on daemon addresses registry.
2023-04-18T07:46:28.188+0900 [DEBUG] [org.gradle.cache.internal.DefaultFileLockManager] Waiting to acquire shared lock on daemon addresses registry.
2023-04-18T07:46:28.189+0900 [DEBUG] [org.gradle.cache.internal.DefaultFileLockManager] Lock acquired on daemon addresses registry.
2023-04-18T07:46:28.189+0900 [DEBUG] [org.gradle.cache.internal.DefaultFileLockManager] Releasing lock on daemon addresses registry.
2023-04-18T07:46:28.189+0900 [DEBUG] [org.gradle.cache.internal.DefaultFileLockManager] Waiting to acquire shared lock on daemon addresses registry.
2023-04-18T07:46:28.189+0900 [DEBUG] [org.gradle.cache.internal.DefaultFileLockManager] Lock acquired on daemon addresses registry.
2023-04-18T07:46:28.189+0900 [DEBUG] [org.gradle.cache.internal.DefaultFileLockManager] Releasing lock on daemon addresses registry.
2023-04-18T07:46:38.188+0900 [DEBUG] [org.gradle.cache.internal.DefaultFileLockManager] Waiting to acquire shared lock on daemon addresses registry.
2023-04-18T07:46:38.189+0900 [DEBUG] [org.gradle.cache.internal.DefaultFileLockManager] Lock acquired on daemon addresses registry.
2023-04-18T07:46:38.189+0900 [DEBUG] [org.gradle.cache.internal.DefaultFileLockManager] Releasing lock on daemon addresses registry.
2023-04-18T07:46:38.190+0900 [DEBUG] [org.gradle.cache.internal.DefaultFileLockManager] Waiting to acquire shared lock on daemon addresses registry.
2023-04-18T07:46:38.190+0900 [DEBUG] [org.gradle.cache.internal.DefaultFileLockManager] Lock acquired on daemon addresses registry.
2023-04-18T07:46:38.190+0900 [DEBUG] [org.gradle.cache.internal.DefaultFileLockManager] Releasing lock on daemon addresses registry.
2023-04-18T07:46:38.191+0900 [DEBUG] [org.gradle.cache.internal.DefaultFileLockManager] Waiting to acquire shared lock on daemon addresses registry.
2023-04-18T07:46:38.191+0900 [DEBUG] [org.gradle.cache.internal.DefaultFileLockManager] Lock acquired on daemon addresses registry.
2023-04-18T07:46:38.191+0900 [DEBUG] [org.gradle.cache.internal.DefaultFileLockManager] Releasing lock on daemon addresses registry.
2023-04-18T07:46:48.191+0900 [DEBUG] [org.gradle.cache.internal.DefaultFileLockManager] Waiting to acquire shared lock on daemon addresses registry.
2023-04-18T07:46:48.191+0900 [DEBUG] [org.gradle.cache.internal.DefaultFileLockManager] Lock acquired on daemon addresses registry.
2023-04-18T07:46:48.192+0900 [DEBUG] [org.gradle.cache.internal.DefaultFileLockManager] Releasing lock on daemon addresses registry.
2023-04-18T07:46:48.192+0900 [DEBUG] [org.gradle.cache.internal.DefaultFileLockManager] Waiting to acquire shared lock on daemon addresses registry.
2023-04-18T07:46:48.192+0900 [DEBUG] [org.gradle.cache.internal.DefaultFileLockManager] Lock acquired on daemon addresses registry.
2023-04-18T07:46:48.193+0900 [DEBUG] [org.gradle.cache.internal.DefaultFileLockManager] Releasing lock on daemon addresses registry.
2023-04-18T07:46:48.193+0900 [DEBUG] [org.gradle.cache.internal.DefaultFileLockManager] Waiting to acquire shared lock on daemon addresses registry.
2023-04-18T07:46:48.193+0900 [DEBUG] [org.gradle.cache.internal.DefaultFileLockManager] Lock acquired on daemon addresses registry.
2023-04-18T07:46:48.193+0900 [DEBUG] [org.gradle.cache.internal.DefaultFileLockManager] Releasing lock on daemon addresses registry.
2023-04-18T07:46:58.187+0900 [DEBUG] [org.gradle.cache.internal.DefaultFileLockManager] Waiting to acquire shared lock on daemon addresses registry.
2023-04-18T07:46:58.187+0900 [DEBUG] [org.gradle.cache.internal.DefaultFileLockManager] Lock acquired on daemon addresses registry.
2023-04-18T07:46:58.187+0900 [DEBUG] [org.gradle.cache.internal.DefaultFileLockManager] Releasing lock on daemon addresses registry.
2023-04-18T07:46:58.188+0900 [DEBUG] [org.gradle.cache.internal.DefaultFileLockManager] Waiting to acquire shared lock on daemon addresses registry.
2023-04-18T07:46:58.188+0900 [DEBUG] [org.gradle.cache.internal.DefaultFileLockManager] Lock acquired on daemon addresses registry.
2023-04-18T07:46:58.189+0900 [DEBUG] [org.gradle.cache.internal.DefaultFileLockManager] Releasing lock on daemon addresses registry.
2023-04-18T07:46:58.189+0900 [DEBUG] [org.gradle.cache.internal.DefaultFileLockManager] Waiting to acquire shared lock on daemon addresses registry.
2023-04-18T07:46:58.189+0900 [DEBUG] [org.gradle.cache.internal.DefaultFileLockManager] Lock acquired on daemon addresses registry.
2023-04-18T07:46:58.190+0900 [DEBUG] [org.gradle.cache.internal.DefaultFileLockManager] Releasing lock on daemon addresses registry.
2023-04-18T07:47:08.190+0900 [DEBUG] [org.gradle.cache.internal.DefaultFileLockManager] Waiting to acquire shared lock on daemon addresses registry.
2023-04-18T07:47:08.190+0900 [DEBUG] [org.gradle.cache.internal.DefaultFileLockManager] Lock acquired on daemon addresses registry.
2023-04-18T07:47:08.190+0900 [DEBUG] [org.gradle.cache.internal.DefaultFileLockManager] Releasing lock on daemon addresses registry.
2023-04-18T07:47:08.191+0900 [DEBUG] [org.gradle.cache.internal.DefaultFileLockManager] Waiting to acquire shared lock on daemon addresses registry.
2023-04-18T07:47:08.191+0900 [DEBUG] [org.gradle.cache.internal.DefaultFileLockManager] Lock acquired on daemon addresses registry.
2023-04-18T07:47:08.192+0900 [DEBUG] [org.gradle.cache.internal.DefaultFileLockManager] Releasing lock on daemon addresses registry.
2023-04-18T07:47:08.192+0900 [DEBUG] [org.gradle.cache.internal.DefaultFileLockManager] Waiting to acquire shared lock on daemon addresses registry.
2023-04-18T07:47:08.192+0900 [DEBUG] [org.gradle.cache.internal.DefaultFileLockManager] Lock acquired on daemon addresses registry.
2023-04-18T07:47:08.193+0900 [DEBUG] [org.gradle.cache.internal.DefaultFileLockManager] Releasing lock on daemon addresses registry.
2023-04-18T07:47:18.189+0900 [DEBUG] [org.gradle.cache.internal.DefaultFileLockManager] Waiting to acquire shared lock on daemon addresses registry.
2023-04-18T07:47:18.189+0900 [DEBUG] [org.gradle.cache.internal.DefaultFileLockManager] Lock acquired on daemon addresses registry.
2023-04-18T07:47:18.190+0900 [DEBUG] [org.gradle.cache.internal.DefaultFileLockManager] Releasing lock on daemon addresses registry.
2023-04-18T07:47:18.190+0900 [DEBUG] [org.gradle.cache.internal.DefaultFileLockManager] Waiting to acquire shared lock on daemon addresses registry.
2023-04-18T07:47:18.190+0900 [DEBUG] [org.gradle.cache.internal.DefaultFileLockManager] Lock acquired on daemon addresses registry.
2023-04-18T07:47:18.191+0900 [DEBUG] [org.gradle.cache.internal.DefaultFileLockManager] Releasing lock on daemon addresses registry.
2023-04-18T07:47:18.191+0900 [DEBUG] [org.gradle.cache.internal.DefaultFileLockManager] Waiting to acquire shared lock on daemon addresses registry.
2023-04-18T07:47:18.191+0900 [DEBUG] [org.gradle.cache.internal.DefaultFileLockManager] Lock acquired on daemon addresses registry.
2023-04-18T07:47:18.192+0900 [DEBUG] [org.gradle.cache.internal.DefaultFileLockManager] Releasing lock on daemon addresses registry.
